# These are exclusions for borg backup which are particular to macOS
# Use: borg create --patterns-from="/path/to/borg-exclude.lst"

# N.B. --patterns-from uses the shell style of patterns by default NOT the fn
# Shell style counts ** as any character (including path separators)

# A directory exclusion pattern can end either with or without a slash (‘/’).
# If it ends with a slash, such as some/path/, the directory will be included but not its content.
# If it does not end with a slash, such as some/path, both the directory and content will be excluded.
# A minus sign will exclude, but still recurse into the directory to find inclusions (slow)
# A bang/exclamation point will _not_ recurse into a directory, and thus no inclusion rules will kick in (dangerous)

# N.B. Other directories will be ignored if a file '.nobackup' is present and '--exclude-if-present .nobackup' is used

# # ALL caches
# ! **/*Cache*
# ! **/*cache*

# Cache items that will be rebuilt by the machine
! **/.build/
! **/.cache/
! **/.Cache/
! **/.caches/
! **/.Caches/
! **/.hotfiles.btree
! **/.Spotlight-V100/
! **/cache/
! **/Cache/
! **/caches/
! **/Caches/
! **/private/var/folders
! **/System/Library/Caches/
! **/System/Volumes/VM

# Specific cache items
## Volume-specific cache files
! /private/var/db/dyld/dyld_*
! /System/Library/Caches/com.apple.bootstamps/
! /System/Library/Caches/com.apple.corestorage/

## These are thumbnails and resized images which will be rebuilt if missing
! **/iTunes/Album Artwork/
! **/Library/Safari/Favicon Cache/
! **/Users/*/Pictures/Photos Library.photoslibrary/resources

## These seem to be related to macOS ML caching
! **/Library/Trial
! **/Users/*/Library/Application Support/coreMLCache
! **/Users/*/Library/Assistant/LLMCache

## Bluetooth
! **/Library/com.apple.bluetooth.services.cloud/CachedRecords/

## Calendar
! **/Library/Calendars/Calendar Cache/

## Notes
! **/Library/Group Containers/group.com.apple.notes/Accounts/*/Previews/

## other
! **/Code Cache
! **/DawnGraphiteCache
! **/DawnWebGPUCache
! **/GPUCache
! **/CacheStorage
! **/component_crx_cache
! **/extensions_crx_cache
! **/ScriptCache
! **/NickNameCache
! **/Library/Metadata/**/*Cache*
! **/Library/Metadata/**/*cache*

# Metadata
! **/.DS_Store
! **/Library/Metadata
! **/Library/Metadata/CoreSpotlight/index.spotlightV3/
! **/desktop.ini
! **/Icon?
! **/.localized

# Volume specific preferences
! **/.metadata_never_index
! **/.metadata_never_index_unless_rootfs
! /.com.apple.timemachine.donotpresent
! **/.VolumeIcon.icns
! /System/Library/CoreServices/.disk_label*
! /TheVolumeSettingsFolder
! /private/var/db/dslocal/nodes/Default/secureaccesstoken.plist

# Versioning
! **/.DocumentRevisions-V100/

# Dynamically-generated devices
# ! /Volumes/
! /dev/
! /automount
! /Network
! /.vol/
! /net

# Large datastores that are (or should be) erased on startup
! /private/var/vm/
! /private/tmp/
! /cores
! /macOS Install Data

# Time Machine backups
! /Backups.backupdb
! /.MobileBackups
! /.MobileBackups.trash
! /private/var/db/com.apple.backupd.backupVerification

# Things deleted by user (these should have been picked up in an earlier backup anyway)
# N.B. Omitting the trashes will leave you open to creating something, trashing it before a backup is made, and then having a disaster
! **/.trash
! **/.Trash
! **/.trashes
! **/.Trashes
! **/$RECYCLE.BIN

# Logs and Monitoring
- **/Logs/

# Backup items
- **/.com.apple.backupd.mvlist.plist
- **/Backups.backupdb

# Temporary items
! **/.TemporaryItems
! **/tmp/
! /var/tmp/
! **/*Temp*
! **/*temp*

# macOS installation files
## These are large and don't need to be restored
! **/Applications/Install macOS**

# Siri
! **/Library/Assistant/SiriAnalytics.db
! **/Library/Assistant/SiriSyncItems.db
! **/Library/Assistant/SiriVocabulary/sv.db

# Apple-proprietary data stores
! **/.DocumentRevisions-V100*
! **/.Spotlight-V100
! **/Library/Metadata/CoreSpotlight
! /.fseventsd
! /.hotfiles.btree
! /private/var/db/systemstats
! /private/var/db/ConfigurationProfiles/Store
! /private/var/folders/*/*/C
! /private/var/folders/*/*/T
! /Users/*/Library/Caches
! /Users/*/Library/Containers/*/Data/Library/Caches

# Unknown and Misc
- **/.fseventsd/
- **/CrashReporter/
- **/DerivedData/
- **/iTunes/iTunes Media/Downloads/
- **/iTunes/iTunes Media/Podcasts/
- **/iTunes/Previous iTunes Libraries/
- **/Library/HTTPStorages/
- **/MobileBackups.trash/
- **/MobileSync/Backup/
- /dev/
- /proc/
- /run/
- /sys/
- /var/backups/
! **/Library/Assistant
! **/Library/Biome
! **/Library/Containers/com.apple.suggestions
! **/Library/DoNotDisturb
! **/Library/DuetExpertCenter
! **/Library/Group Containers/*com.flexibits.fantastical2.mac
! **/Library/Group Containers/*com.microsoft.teams
! **/Library/Group Containers/*com.1password
! **/Library/Group Containers/*group.com.google.drivefs
! **/Library/Group Containers/group.com.apple.accessibility.voicebanking
! **/Library/Group Containers/group.com.apple.AppleSpell
! **/Library/Group Containers/group.com.apple.calendar
! **/Library/Group Containers/group.com.apple.chronod
! **/Library/Group Containers/group.com.apple.coreservices.useractivityd
! **/Library/Group Containers/group.com.apple.feedbacklogger
! **/Library/Group Containers/group.com.apple.FileProviderDomainCaching
! **/Library/Group Containers/group.com.apple.notes
! **/Library/Group Containers/group.com.apple.PegasusConfiguration
! **/Library/Group Containers/group.com.apple.reminders
! **/Library/Group Containers/group.com.apple.secure-control-center-preferences
! **/Library/Group Containers/group.com.apple.shortcuts
! **/Library/Group Containers/group.com.apple.siri*
! **/Library/Group Containers/group.com.apple.spotlight
! **/Library/Group Containers/group.com.apple.tips
! **/Library/Group Containers/group.com.apple.transparency
! **/Library/Group Containers/group.com.apple.usernotd
! **/Library/Group Containers/group.com.apple.weather
! **/Library/Group Containers/group.com.apple.tipquality.feedbacklearning
! **/Library/homeenergyd
! **/Library/HTTPStorages
! **/Library/IntelligencePlatform
! **/Library/LanguageModeling
! **/Library/PersonalizationPortrait
! **/Library/Sharing
! **/Library/Spelling
! **/Library/StatusKit
! **/Library/studentd
! **/Library/Suggestions
! **/Library/WebKit
! **/Library/com.apple.aiml.instrumentation
! **/Library/com.apple.assistant
! **/Library/com.apple.bluetooth.services.cloud
! **/Library/com.apple.bluetoothtouser
! **/Library/com.apple.cloud.searchpartyd

# icloud libraries
! **/Users/*/Music/Music/Music Library.musiclibrary
! **/Users/*/Pictures/Photos Library.photoslibrary
! **/Library/**/Mobile Documents

# cloud storage
! **/Users/*/Library/CloudStorage

##################################
# Exclusions up for discussion	 #
# ! **/*~			 #
# ! **/.*.swp			 #
# ! **/._sync_*			 #
# ! **/.vol			 #
# ! **/Library/**/Containers/	 #
# ! **/Library/**/CrashReporter/ #
# ! **/Library/**/DerivedData/	 #
# ! **/Library/**/Developer/	 #
# ! **/Library/**/Logs/		 #
# ! **/Library/**/Metadata/	 #
# ! **/Library/**/MobileSync/	 #
# ! /bin/			 #
# ! /cores/			 #
# ! /dev/			 #
# ! /etc/			 #
# ! /home/			 #
# ! /macOS Install Data/	 #
# ! /private/			 #
# ! /sbin/			 #
# ! /System/			 #
# ! /tmp/			 #
# ! /Users/Shared/		 #
# ! /var/			 #
# ! /Volumes/			 #
# ! ~/Library/Containers	 #
##################################
# These are exclusions for borg backup which are particular to certain macOS applications
# Use: borg create --patterns-from=/path/to/borg-exclude-macos-applications.lst

# N.B. --patterns-from uses the shell style of patterns by default NOT the fn
# Shell style counts ** as any character (including path separators)

# A directory exclusion pattern can end either with or without a slash (‘/’).
# If it ends with a slash, such as some/path/, the directory will be included but not its content.
# If it does not end with a slash, such as some/path, both the directory and content will be excluded.
# A minus sign will exclude, but still recurse into the directory to find inclusions (slow)
# A bang/exclamation point will _not_ recurse into a directory, and thus no inclusion rules will kick in (dangerous)

# Adguard
! **/com.adguard.mac.adguard/adguard.db

# Anki
! **/Anki2/*/media.trash

# Arq Backup
! **/Library/Application Support/ArqAgent/cache.noindex

# Discord
! **/discord/Code Cache

# Dropbox

# Flume
! **/Flume/ImageCache

# Google Chrome
! **/Google/Chrome/Default/Service Worker/CacheStorage
! **/Google/Chrome/Default/Service Worker/ScriptCache
! **/Google/Chrome/ShaderCache

# Google drive
! **/.tmp.drivedownload
! **/.tmp.driveupload
! **/Users/*/Library/Application Support/Google/DriveFS

# Microsoft App Center Telemetry
! **/Application Support/**/com.microsoft.appcenter/

# Microsoft office
! **/Microsoft/FontPreviewCache
! **/~$*

# Spotify
! **/Spotify/PersistentCache

# Zotero
# ! **/Users/*/Zotero/storage

# Crossover
! **/Users/*/Library/Application Support/CrossOver/Bottles
! **/Users/*/Applications/Crossover

# Parallels
! **/Users/*/Applications (Parallels)
! **/Users/*/Parallels
! **/Users/*/Library/Parallels/Downloads

# R renv library
! **/renv/library
! **/renv/local
! **/renv/lock
! **/renv/python
! **/renv/staging

# Adobe caches
! **/Users/*/Library/Application Support/Adobe/**/*Cache*
! **/Users/*/Library/Application Support/Adobe/**/*cache*

# SPSS caches
! **/Users/*/Library/Application Support/IBM/**/*Cache*
! **/Users/*/Library/Application Support/IBM/**/*cache*

# vscode caches
! **/Users/*/Library/Application Support/Code/**/*Cache*
! **/Users/*/Library/Application Support/Code/**/*cache*

# whatsapp
! **/Users/*/Library/Group Containers/*whatsapp*

# Arc browser
! **/Users/*/Library/Application Support/Arc

# Up for discussion
# ! **/.dropbox*
# These are exclusion patterns for borg backup relevant to programming and to macOS
# Use: borg create --patterns-from="/path/to/borg-exclude-macos-programming.lst"

# N.B. --patterns-from uses the shell style of patterns by default NOT the fn
# Shell style counts ** as any character (including path separators)

# A directory exclusion pattern can end either with or without a slash (‘/’).
# If it ends with a slash, such as some/path/, the directory will be included but not its content.
# If it does not end with a slash, such as some/path, both the directory and content will be excluded.
# A minus sign will exclude, but still recurse into the directory to find inclusions (slow)
# A bang/exclamation point will _not_ recurse into a directory, and thus no inclusion rules will kick in (dangerous)

# N.B. Other directories will be ignored if a file '.nobackup' is present and '--exclude-if-present .nobackup' is used

# Cache items
! **/__pycache__

# Packages
! **/.npm
! **/node_modules

# Git repos
! **/.git
! **/.gvfs

################################
# Exclusions up for discussion #
# *.pyc			       #
# ! **/build/		       #
# ! **/dist/		       #
# ! **/vendor/		       #
################################
